Performing C SOURCE FILE Test CMAKE_HAVE_LIBC_PTHREAD failed with the following output:
Change Dir: /home/nitin/catkin_ws/build/CMakeFiles/CMakeTmp

Run Build Command(s):/usr/bin/make -f Makefile cmTC_d6397/fast && /usr/bin/make  -f CMakeFiles/cmTC_d6397.dir/build.make CMakeFiles/cmTC_d6397.dir/build
make[1]: Entering directory '/home/nitin/catkin_ws/build/CMakeFiles/CMakeTmp'
Building C object CMakeFiles/cmTC_d6397.dir/src.c.o
/usr/lib/ccache/cc -DCMAKE_HAVE_LIBC_PTHREAD   -o CMakeFiles/cmTC_d6397.dir/src.c.o -c /home/nitin/catkin_ws/build/CMakeFiles/CMakeTmp/src.c
Linking C executable cmTC_d6397
/home/nitin/.local/lib/python3.8/site-packages/cmake/data/bin/cmake -E cmake_link_script CMakeFiles/cmTC_d6397.dir/link.txt --verbose=1
/usr/lib/ccache/cc -rdynamic CMakeFiles/cmTC_d6397.dir/src.c.o -o cmTC_d6397 
/usr/bin/ld: CMakeFiles/cmTC_d6397.dir/src.c.o: in function `main':
src.c:(.text+0x46): undefined reference to `pthread_create'
/usr/bin/ld: src.c:(.text+0x52): undefined reference to `pthread_detach'
/usr/bin/ld: src.c:(.text+0x5e): undefined reference to `pthread_cancel'
/usr/bin/ld: src.c:(.text+0x6f): undefined reference to `pthread_join'
collect2: error: ld returned 1 exit status
make[1]: *** [CMakeFiles/cmTC_d6397.dir/build.make:99: cmTC_d6397] Error 1
make[1]: Leaving directory '/home/nitin/catkin_ws/build/CMakeFiles/CMakeTmp'
make: *** [Makefile:127: cmTC_d6397/fast] Error 2


Source file was:
#include <pthread.h>

static void* test_func(void* data)
{
  return data;
}

int main(void)
{
  pthread_t thread;
  pthread_create(&thread, NULL, test_func, NULL);
  pthread_detach(thread);
  pthread_cancel(thread);
  pthread_join(thread, NULL);
  pthread_atfork(NULL, NULL, NULL);
  pthread_exit(NULL);

  return 0;
}

Determining if the function pthread_create exists in the pthreads failed with the following output:
Change Dir: /home/nitin/catkin_ws/build/CMakeFiles/CMakeTmp

Run Build Command(s):/usr/bin/make -f Makefile cmTC_503d0/fast && /usr/bin/make  -f CMakeFiles/cmTC_503d0.dir/build.make CMakeFiles/cmTC_503d0.dir/build
make[1]: Entering directory '/home/nitin/catkin_ws/build/CMakeFiles/CMakeTmp'
Building C object CMakeFiles/cmTC_503d0.dir/CheckFunctionExists.c.o
/usr/lib/ccache/cc   -DCHECK_FUNCTION_EXISTS=pthread_create -o CMakeFiles/cmTC_503d0.dir/CheckFunctionExists.c.o -c /home/nitin/.local/lib/python3.8/site-packages/cmake/data/share/cmake-3.21/Modules/CheckFunctionExists.c
Linking C executable cmTC_503d0
/home/nitin/.local/lib/python3.8/site-packages/cmake/data/bin/cmake -E cmake_link_script CMakeFiles/cmTC_503d0.dir/link.txt --verbose=1
/usr/lib/ccache/cc  -DCHECK_FUNCTION_EXISTS=pthread_create -rdynamic CMakeFiles/cmTC_503d0.dir/CheckFunctionExists.c.o -o cmTC_503d0  -lpthreads 
/usr/bin/ld: cannot find -lpthreads
collect2: error: ld returned 1 exit status
make[1]: *** [CMakeFiles/cmTC_503d0.dir/build.make:99: cmTC_503d0] Error 1
make[1]: Leaving directory '/home/nitin/catkin_ws/build/CMakeFiles/CMakeTmp'
make: *** [Makefile:127: cmTC_503d0/fast] Error 2



